2015-01-23 21:16:11.609+0000 INFO  [o.n.s.CommunityNeoServer]: Setting startup timeout to: 120000ms based on -1
2015-01-23 21:16:11.994+0000 INFO  [o.n.k.InternalAbstractGraphDatabase]: No locking implementation specified, defaulting to 'community'
2015-01-23 21:16:12.128+0000 INFO  [o.n.k.i.DiagnosticsManager]: --- INITIALIZED diagnostics START ---
2015-01-23 21:16:12.135+0000 INFO  [o.n.k.i.DiagnosticsManager]: Neo4j Kernel properties:
2015-01-23 21:16:12.147+0000 INFO  [o.n.k.i.DiagnosticsManager]: neostore.propertystore.db.mapped_memory=643M
2015-01-23 21:16:12.148+0000 INFO  [o.n.k.i.DiagnosticsManager]: neostore.nodestore.db.mapped_memory=178M
2015-01-23 21:16:12.148+0000 INFO  [o.n.k.i.DiagnosticsManager]: neostore.relationshipstore.db.mapped_memory=787M
2015-01-23 21:16:12.148+0000 INFO  [o.n.k.i.DiagnosticsManager]: neostore.propertystore.db.strings.mapped_memory=546M
2015-01-23 21:16:12.148+0000 INFO  [o.n.k.i.DiagnosticsManager]: store_dir=/Users/apprentice/Desktop/Horizon/db/neo4j/development/data/graph.db
2015-01-23 21:16:12.148+0000 INFO  [o.n.k.i.DiagnosticsManager]: neostore.propertystore.db.arrays.mapped_memory=619M
2015-01-23 21:16:12.148+0000 INFO  [o.n.k.i.DiagnosticsManager]: remote_shell_enabled=true
2015-01-23 21:16:12.149+0000 INFO  [o.n.k.i.DiagnosticsManager]: Diagnostics providers:
2015-01-23 21:16:12.149+0000 INFO  [o.n.k.i.DiagnosticsManager]: org.neo4j.kernel.configuration.Config
2015-01-23 21:16:12.149+0000 INFO  [o.n.k.i.DiagnosticsManager]: org.neo4j.kernel.info.DiagnosticsManager
2015-01-23 21:16:12.149+0000 INFO  [o.n.k.i.DiagnosticsManager]: SYSTEM_MEMORY
2015-01-23 21:16:12.149+0000 INFO  [o.n.k.i.DiagnosticsManager]: JAVA_MEMORY
2015-01-23 21:16:12.150+0000 INFO  [o.n.k.i.DiagnosticsManager]: OPERATING_SYSTEM
2015-01-23 21:16:12.150+0000 INFO  [o.n.k.i.DiagnosticsManager]: JAVA_VIRTUAL_MACHINE
2015-01-23 21:16:12.150+0000 INFO  [o.n.k.i.DiagnosticsManager]: CLASSPATH
2015-01-23 21:16:12.150+0000 INFO  [o.n.k.i.DiagnosticsManager]: LIBRARY_PATH
2015-01-23 21:16:12.150+0000 INFO  [o.n.k.i.DiagnosticsManager]: SYSTEM_PROPERTIES
2015-01-23 21:16:12.150+0000 INFO  [o.n.k.i.DiagnosticsManager]: NETWORK
2015-01-23 21:16:12.150+0000 INFO  [o.n.k.i.DiagnosticsManager]: System memory information:
2015-01-23 21:16:12.166+0000 INFO  [o.n.k.i.DiagnosticsManager]: Total Physical memory: 8.00 GB
2015-01-23 21:16:12.167+0000 INFO  [o.n.k.i.DiagnosticsManager]: Free Physical memory: 1005.89 MB
2015-01-23 21:16:12.168+0000 INFO  [o.n.k.i.DiagnosticsManager]: Committed virtual memory: 4.60 GB
2015-01-23 21:16:12.168+0000 INFO  [o.n.k.i.DiagnosticsManager]: Total swap space: 1.00 GB
2015-01-23 21:16:12.169+0000 INFO  [o.n.k.i.DiagnosticsManager]: Free swap space: 1.00 GB
2015-01-23 21:16:12.169+0000 INFO  [o.n.k.i.DiagnosticsManager]: JVM memory information:
2015-01-23 21:16:12.170+0000 INFO  [o.n.k.i.DiagnosticsManager]: Free  memory: 106.87 MB
2015-01-23 21:16:12.170+0000 INFO  [o.n.k.i.DiagnosticsManager]: Total memory: 123.75 MB
2015-01-23 21:16:12.170+0000 INFO  [o.n.k.i.DiagnosticsManager]: Max   memory: 1.97 GB
2015-01-23 21:16:12.216+0000 INFO  [o.n.k.i.DiagnosticsManager]: Garbage Collector: ParNew: [Par Eden Space, Par Survivor Space]
2015-01-23 21:16:12.217+0000 INFO  [o.n.k.i.DiagnosticsManager]: Garbage Collector: ConcurrentMarkSweep: [Par Eden Space, Par Survivor Space, CMS Old Gen, CMS Perm Gen]
2015-01-23 21:16:12.218+0000 INFO  [o.n.k.i.DiagnosticsManager]: Memory Pool: Code Cache (Non-heap memory): committed=2.44 MB, used=681.50 kB, max=48.00 MB, threshold=0.00 B
2015-01-23 21:16:12.219+0000 INFO  [o.n.k.i.DiagnosticsManager]: Memory Pool: Par Eden Space (Heap memory): committed=34.13 MB, used=11.78 MB, max=266.25 MB, threshold=?
2015-01-23 21:16:12.219+0000 INFO  [o.n.k.i.DiagnosticsManager]: Memory Pool: Par Survivor Space (Heap memory): committed=4.25 MB, used=4.25 MB, max=33.25 MB, threshold=?
2015-01-23 21:16:12.220+0000 INFO  [o.n.k.i.DiagnosticsManager]: Memory Pool: CMS Old Gen (Heap memory): committed=85.38 MB, used=872.40 kB, max=1.68 GB, threshold=0.00 B
2015-01-23 21:16:12.220+0000 INFO  [o.n.k.i.DiagnosticsManager]: Memory Pool: CMS Perm Gen (Non-heap memory): committed=20.75 MB, used=12.79 MB, max=82.00 MB, threshold=0.00 B
2015-01-23 21:16:12.220+0000 INFO  [o.n.k.i.DiagnosticsManager]: Operating system information:
2015-01-23 21:16:12.221+0000 INFO  [o.n.k.i.DiagnosticsManager]: Operating System: Mac OS X; version: 10.9.5; arch: x86_64; cpus: 4
2015-01-23 21:16:12.222+0000 INFO  [o.n.k.i.DiagnosticsManager]: Max number of file descriptors: 10240
2015-01-23 21:16:12.222+0000 INFO  [o.n.k.i.DiagnosticsManager]: Number of open file descriptors: 76
2015-01-23 21:16:12.223+0000 INFO  [o.n.k.i.DiagnosticsManager]: Process id: 39807@localhost
2015-01-23 21:16:12.224+0000 INFO  [o.n.k.i.DiagnosticsManager]: Byte order: LITTLE_ENDIAN
2015-01-23 21:16:12.224+0000 INFO  [o.n.k.i.DiagnosticsManager]: Local timezone: America/Chicago
2015-01-23 21:16:12.224+0000 INFO  [o.n.k.i.DiagnosticsManager]: JVM information:
2015-01-23 21:16:12.224+0000 INFO  [o.n.k.i.DiagnosticsManager]: VM Name: Java HotSpot(TM) 64-Bit Server VM
2015-01-23 21:16:12.224+0000 INFO  [o.n.k.i.DiagnosticsManager]: VM Vendor: Oracle Corporation
2015-01-23 21:16:12.224+0000 INFO  [o.n.k.i.DiagnosticsManager]: VM Version: 24.75-b04
2015-01-23 21:16:12.225+0000 INFO  [o.n.k.i.DiagnosticsManager]: JIT compiler: HotSpot 64-Bit Tiered Compilers
2015-01-23 21:16:12.226+0000 INFO  [o.n.k.i.DiagnosticsManager]: VM Arguments: [-XX:+DisableExplicitGC, -Dorg.neo4j.server.properties=conf/neo4j-server.properties, -Djava.util.logging.config.file=conf/logging.properties, -Dlog4j.configuration=file:conf/log4j.properties, -XX:+UseConcMarkSweepGC, -XX:+CMSClassUnloadingEnabled, -Dneo4j.home=/Users/apprentice/Desktop/Horizon/db/neo4j/development, -Dneo4j.instance=/Users/apprentice/Desktop/Horizon/db/neo4j/development, -Dfile.encoding=UTF-8]
2015-01-23 21:16:12.226+0000 INFO  [o.n.k.i.DiagnosticsManager]: Java classpath:
2015-01-23 21:16:12.228+0000 INFO  [o.n.k.i.DiagnosticsManager]:  [classpath + loader.0] file:/Users/apprentice/Desktop/Horizon/db/neo4j/development/system/lib/slf4j-api-1.6.2.jar
2015-01-23 21:16:12.228+0000 INFO  [o.n.k.i.DiagnosticsManager]:  [classpath + loader.0] file:/Users/apprentice/Desktop/Horizon/db/neo4j/development/system/lib/logback-classic-1.1.2.jar
2015-01-23 21:16:12.229+0000 INFO  [o.n.k.i.DiagnosticsManager]:  [classpath + loader.0] file:/Users/apprentice/Desktop/Horizon/db/neo4j/development/system/lib/jetty-servlet-9.0.5.v20130815.jar
2015-01-23 21:16:12.229+0000 INFO  [o.n.k.i.DiagnosticsManager]:  [classpath + loader.0] file:/Users/apprentice/Desktop/Horizon/db/neo4j/development/lib/neo4j-cypher-commons-2.1.4.jar
2015-01-23 21:16:12.229+0000 INFO  [o.n.k.i.DiagnosticsManager]:  [classpath + loader.0] file:/Users/apprentice/Desktop/Horizon/db/neo4j/development/system/lib/jetty-util-9.0.5.v20130815.jar
2015-01-23 21:16:12.229+0000 INFO  [o.n.k.i.DiagnosticsManager]:  [classpath + loader.0] file:/Users/apprentice/Desktop/Horizon/db/neo4j/development/system/lib/jackson-jaxrs-1.9.7.jar
2015-01-23 21:16:12.229+0000 INFO  [o.n.k.i.DiagnosticsManager]:  [bootstrap] /Library/Java/JavaVirtualMachines/jdk1.7.0_75.jdk/Contents/Home/jre/lib/resources.jar
2015-01-23 21:16:12.229+0000 INFO  [o.n.k.i.DiagnosticsManager]:  [classpath + loader.0] file:/Users/apprentice/Desktop/Horizon/db/neo4j/development/lib/neo4j-cypher-compiler-2.0-2.0.3.jar
2015-01-23 21:16:12.229+0000 INFO  [o.n.k.i.DiagnosticsManager]:  [loader.1] file:/System/Library/Java/Extensions/MRJToolkit.jar
2015-01-23 21:16:12.229+0000 INFO  [o.n.k.i.DiagnosticsManager]:  [loader.1] file:/Library/Java/JavaVirtualMachines/jdk1.7.0_75.jdk/Contents/Home/jre/lib/ext/dnsns.jar
2015-01-23 21:16:12.229+0000 INFO  [o.n.k.i.DiagnosticsManager]:  [classpath + loader.0] file:/Users/apprentice/Desktop/Horizon/db/neo4j/development/system/lib/commons-lang-2.4.jar
2015-01-23 21:16:12.229+0000 INFO  [o.n.k.i.DiagnosticsManager]:  [classpath + loader.0] file:/Users/apprentice/Desktop/Horizon/db/neo4j/development/system/lib/commons-io-1.4.jar
2015-01-23 21:16:12.229+0000 INFO  [o.n.k.i.DiagnosticsManager]:  [bootstrap] /Library/Java/JavaVirtualMachines/jdk1.7.0_75.jdk/Contents/Home/jre/lib/sunrsasign.jar
2015-01-23 21:16:12.229+0000 INFO  [o.n.k.i.DiagnosticsManager]:  [classpath + loader.0] file:/Users/apprentice/Desktop/Horizon/db/neo4j/development/system/lib/jersey-multipart-1.9.jar
2015-01-23 21:16:12.229+0000 INFO  [o.n.k.i.DiagnosticsManager]:  [classpath + loader.0] file:/Users/apprentice/Desktop/Horizon/db/neo4j/development/lib/neo4j-udc-2.1.4.jar
2015-01-23 21:16:12.229+0000 INFO  [o.n.k.i.DiagnosticsManager]:  [bootstrap] /Library/Java/JavaVirtualMachines/jdk1.7.0_75.jdk/Contents/Home/jre/lib/charsets.jar
2015-01-23 21:16:12.229+0000 INFO  [o.n.k.i.DiagnosticsManager]:  [classpath + loader.0] file:/Users/apprentice/Desktop/Horizon/db/neo4j/development/system/lib/janino-2.6.1.jar
2015-01-23 21:16:12.229+0000 INFO  [o.n.k.i.DiagnosticsManager]:  [classpath + loader.0] file:/Users/apprentice/Desktop/Horizon/db/neo4j/development/lib/lucene-core-3.6.2.jar
2015-01-23 21:16:12.229+0000 INFO  [o.n.k.i.DiagnosticsManager]:  [classpath + loader.0] file:/Users/apprentice/Desktop/Horizon/db/neo4j/development/lib/neo4j-primitive-collections-2.1.4.jar
2015-01-23 21:16:12.229+0000 INFO  [o.n.k.i.DiagnosticsManager]:  [bootstrap] /Library/Java/JavaVirtualMachines/jdk1.7.0_75.jdk/Contents/Home/jre/lib/jfr.jar
2015-01-23 21:16:12.229+0000 INFO  [o.n.k.i.DiagnosticsManager]:  [bootstrap] /Library/Java/JavaVirtualMachines/jdk1.7.0_75.jdk/Contents/Home/jre/lib/jsse.jar
2015-01-23 21:16:12.230+0000 INFO  [o.n.k.i.DiagnosticsManager]:  [classpath + loader.0] file:/Users/apprentice/Desktop/Horizon/db/neo4j/development/system/lib/jetty-io-9.0.5.v20130815.jar
2015-01-23 21:16:12.230+0000 INFO  [o.n.k.i.DiagnosticsManager]:  [classpath + loader.0] file:/Users/apprentice/Desktop/Horizon/db/neo4j/development/lib/org.apache.servicemix.bundles.jline-0.9.94_1.jar
2015-01-23 21:16:12.230+0000 INFO  [o.n.k.i.DiagnosticsManager]:  [classpath + loader.0] file:/Users/apprentice/Desktop/Horizon/db/neo4j/development/system/lib/jetty-server-9.0.5.v20130815.jar
2015-01-23 21:16:12.230+0000 INFO  [o.n.k.i.DiagnosticsManager]:  [loader.1] file:/System/Library/Java/Extensions/QTJava.zip
2015-01-23 21:16:12.230+0000 INFO  [o.n.k.i.DiagnosticsManager]:  [classpath + loader.0] file:/Users/apprentice/Desktop/Horizon/db/neo4j/development/lib/neo4j-cypher-2.1.4.jar
2015-01-23 21:16:12.230+0000 INFO  [o.n.k.i.DiagnosticsManager]:  [classpath + loader.0] file:/Users/apprentice/Desktop/Horizon/db/neo4j/development/system/lib/neo4j-server-2.1.4.jar
2015-01-23 21:16:12.230+0000 INFO  [o.n.k.i.DiagnosticsManager]:  [classpath + loader.0] file:/Users/apprentice/Desktop/Horizon/db/neo4j/development/system/lib/commons-collections-3.2.1.jar
2015-01-23 21:16:12.230+0000 INFO  [o.n.k.i.DiagnosticsManager]:  [bootstrap] /Library/Java/JavaVirtualMachines/jdk1.7.0_75.jdk/Contents/Home/jre/lib/rt.jar
2015-01-23 21:16:12.230+0000 INFO  [o.n.k.i.DiagnosticsManager]:  [classpath + loader.0] file:/Users/apprentice/Desktop/Horizon/db/neo4j/development/system/lib/logback-core-1.1.2.jar
2015-01-23 21:16:12.230+0000 INFO  [o.n.k.i.DiagnosticsManager]:  [classpath + loader.0] file:/Users/apprentice/Desktop/Horizon/db/neo4j/development/system/lib/neo4j-browser-2.1.4.jar
2015-01-23 21:16:12.230+0000 INFO  [o.n.k.i.DiagnosticsManager]:  [classpath + loader.0] file:/Users/apprentice/Desktop/Horizon/db/neo4j/development/lib/parboiled-scala_2.10-1.1.6.jar
2015-01-23 21:16:12.230+0000 INFO  [o.n.k.i.DiagnosticsManager]:  [loader.1] file:/Library/Java/JavaVirtualMachines/jdk1.7.0_75.jdk/Contents/Home/jre/lib/ext/sunjce_provider.jar
2015-01-23 21:16:12.230+0000 INFO  [o.n.k.i.DiagnosticsManager]:  [classpath + loader.0] file:/Users/apprentice/Desktop/Horizon/db/neo4j/development/system/lib/commons-compiler-2.6.1.jar
2015-01-23 21:16:12.230+0000 INFO  [o.n.k.i.DiagnosticsManager]:  [classpath + loader.0] file:/Users/apprentice/Desktop/Horizon/db/neo4j/development/lib/concurrentlinkedhashmap-lru-1.3.1.jar
2015-01-23 21:16:12.230+0000 INFO  [o.n.k.i.DiagnosticsManager]:  [bootstrap] /Library/Java/JavaVirtualMachines/jdk1.7.0_75.jdk/Contents/Home/jre/lib/jce.jar
2015-01-23 21:16:12.230+0000 INFO  [o.n.k.i.DiagnosticsManager]:  [classpath + loader.0] file:/Users/apprentice/Desktop/Horizon/db/neo4j/development/system/lib/rhino-1.7R4.jar
2015-01-23 21:16:12.230+0000 INFO  [o.n.k.i.DiagnosticsManager]:  [classpath + loader.0] file:/Users/apprentice/Desktop/Horizon/db/neo4j/development/system/lib/jetty-webapp-9.0.5.v20130815.jar
2015-01-23 21:16:12.230+0000 INFO  [o.n.k.i.DiagnosticsManager]:  [classpath + loader.0] file:/Users/apprentice/Desktop/Horizon/db/neo4j/development/lib/neo4j-graph-matching-2.1.4.jar
2015-01-23 21:16:12.230+0000 INFO  [o.n.k.i.DiagnosticsManager]:  [classpath + loader.0] file:/Users/apprentice/Desktop/Horizon/db/neo4j/development/system/lib/javax.servlet-3.0.0.v201112011016.jar
2015-01-23 21:16:12.231+0000 INFO  [o.n.k.i.DiagnosticsManager]:  [classpath + loader.0] file:/Users/apprentice/Desktop/Horizon/db/neo4j/development/system/lib/jackson-mapper-asl-1.9.7.jar
2015-01-23 21:16:12.231+0000 INFO  [o.n.k.i.DiagnosticsManager]:  [loader.1] file:/System/Library/Java/Extensions/libQTJNative.jnilib
2015-01-23 21:16:12.231+0000 INFO  [o.n.k.i.DiagnosticsManager]:  [classpath + loader.0] file:/Users/apprentice/Desktop/Horizon/db/neo4j/development/system/lib/jetty-xml-9.0.5.v20130815.jar
2015-01-23 21:16:12.231+0000 INFO  [o.n.k.i.DiagnosticsManager]:  [loader.1] file:/Library/Java/JavaVirtualMachines/jdk1.7.0_75.jdk/Contents/Home/jre/lib/ext/sunec.jar
2015-01-23 21:16:12.231+0000 INFO  [o.n.k.i.DiagnosticsManager]:  [classpath + loader.0] file:/Users/apprentice/Desktop/Horizon/db/neo4j/development/system/lib/commons-digester-1.8.1.jar
2015-01-23 21:16:12.231+0000 INFO  [o.n.k.i.DiagnosticsManager]:  [classpath + loader.0] file:/Users/apprentice/Desktop/Horizon/db/neo4j/development/system/lib/commons-configuration-1.6.jar
2015-01-23 21:16:12.231+0000 INFO  [o.n.k.i.DiagnosticsManager]:  [classpath + loader.0] file:/Users/apprentice/Desktop/Horizon/db/neo4j/development/lib/scala-library-2.10.4.jar
2015-01-23 21:16:12.231+0000 INFO  [o.n.k.i.DiagnosticsManager]:  [classpath + loader.0] file:/Users/apprentice/Desktop/Horizon/db/neo4j/development/system/lib/bcprov-jdk16-140.jar
2015-01-23 21:16:12.231+0000 INFO  [o.n.k.i.DiagnosticsManager]:  [classpath + loader.0] file:/Users/apprentice/Desktop/Horizon/db/neo4j/development/lib/opencsv-2.0.jar
2015-01-23 21:16:12.231+0000 INFO  [o.n.k.i.DiagnosticsManager]:  [classpath + loader.0] file:/Users/apprentice/Desktop/Horizon/db/neo4j/development/lib/neo4j-cypher-compiler-2.1-2.1.4.jar
2015-01-23 21:16:12.231+0000 INFO  [o.n.k.i.DiagnosticsManager]:  [classpath + loader.0] file:/Users/apprentice/Desktop/Horizon/db/neo4j/development/system/lib/jersey-server-1.9.jar
2015-01-23 21:16:12.231+0000 INFO  [o.n.k.i.DiagnosticsManager]:  [classpath + loader.0] file:/Users/apprentice/Desktop/Horizon/db/neo4j/development/lib/neo4j-graph-algo-2.1.4.jar
2015-01-23 21:16:12.231+0000 INFO  [o.n.k.i.DiagnosticsManager]:  [classpath + loader.0] file:/Users/apprentice/Desktop/Horizon/db/neo4j/development/system/lib/jcl-over-slf4j-1.6.1.jar
2015-01-23 21:16:12.231+0000 INFO  [o.n.k.i.DiagnosticsManager]:  [classpath + loader.0] file:/Users/apprentice/Desktop/Horizon/db/neo4j/development/lib/neo4j-cypher-compiler-1.9-2.0.3.jar
2015-01-23 21:16:12.231+0000 INFO  [o.n.k.i.DiagnosticsManager]:  [classpath + loader.0] file:/Users/apprentice/Desktop/Horizon/db/neo4j/development/system/lib/commons-beanutils-core-1.8.0.jar
2015-01-23 21:16:12.231+0000 INFO  [o.n.k.i.DiagnosticsManager]:  [loader.1] file:/Library/Java/JavaVirtualMachines/jdk1.7.0_75.jdk/Contents/Home/jre/lib/ext/zipfs.jar
2015-01-23 21:16:12.231+0000 INFO  [o.n.k.i.DiagnosticsManager]:  [loader.1] file:/Library/Java/JavaVirtualMachines/jdk1.7.0_75.jdk/Contents/Home/jre/lib/ext/localedata.jar
2015-01-23 21:16:12.231+0000 INFO  [o.n.k.i.DiagnosticsManager]:  [classpath + loader.0] file:/Users/apprentice/Desktop/Horizon/db/neo4j/development/system/lib/commons-beanutils-1.8.0.jar
2015-01-23 21:16:12.231+0000 INFO  [o.n.k.i.DiagnosticsManager]:  [bootstrap] /Library/Java/JavaVirtualMachines/jdk1.7.0_75.jdk/Contents/Home/jre/classes
2015-01-23 21:16:12.231+0000 INFO  [o.n.k.i.DiagnosticsManager]:  [classpath + loader.0] file:/Users/apprentice/Desktop/Horizon/db/neo4j/development/system/lib/commons-logging-1.1.1.jar
2015-01-23 21:16:12.231+0000 INFO  [o.n.k.i.DiagnosticsManager]:  [classpath + loader.0] file:/Users/apprentice/Desktop/Horizon/db/neo4j/development/system/lib/jetty-security-9.0.5.v20130815.jar
2015-01-23 21:16:12.231+0000 INFO  [o.n.k.i.DiagnosticsManager]:  [classpath + loader.0] file:/Users/apprentice/Desktop/Horizon/db/neo4j/development/lib/geronimo-jta_1.1_spec-1.1.1.jar
2015-01-23 21:16:12.231+0000 INFO  [o.n.k.i.DiagnosticsManager]:  [classpath + loader.0] file:/Users/apprentice/Desktop/Horizon/db/neo4j/development/system/lib/jetty-http-9.0.5.v20130815.jar
2015-01-23 21:16:12.232+0000 INFO  [o.n.k.i.DiagnosticsManager]:  [classpath + loader.0] file:/Users/apprentice/Desktop/Horizon/db/neo4j/development/system/lib/asm-3.1.jar
2015-01-23 21:16:12.232+0000 INFO  [o.n.k.i.DiagnosticsManager]:  [classpath + loader.0] file:/Users/apprentice/Desktop/Horizon/db/neo4j/development/system/lib/jackson-core-asl-1.9.7.jar
2015-01-23 21:16:12.232+0000 INFO  [o.n.k.i.DiagnosticsManager]:  [classpath + loader.0] file:/Users/apprentice/Desktop/Horizon/db/neo4j/development/lib/neo4j-kernel-2.1.4.jar
2015-01-23 21:16:12.232+0000 INFO  [o.n.k.i.DiagnosticsManager]:  [classpath + loader.0] file:/Users/apprentice/Desktop/Horizon/db/neo4j/development/system/lib/neo4j-server-2.1.4-static-web.jar
2015-01-23 21:16:12.232+0000 INFO  [o.n.k.i.DiagnosticsManager]:  [classpath + loader.0] file:/Users/apprentice/Desktop/Horizon/db/neo4j/development/system/lib/logback-access-1.1.2.jar
2015-01-23 21:16:12.232+0000 INFO  [o.n.k.i.DiagnosticsManager]:  [classpath + loader.0] file:/Users/apprentice/Desktop/Horizon/db/neo4j/development/lib/parboiled-core-1.1.6.jar
2015-01-23 21:16:12.232+0000 INFO  [o.n.k.i.DiagnosticsManager]:  [loader.1] file:/Library/Java/JavaVirtualMachines/jdk1.7.0_75.jdk/Contents/Home/jre/lib/ext/sunpkcs11.jar
2015-01-23 21:16:12.232+0000 INFO  [o.n.k.i.DiagnosticsManager]:  [classpath + loader.0] file:/Users/apprentice/Desktop/Horizon/db/neo4j/development/system/lib/rrd4j-2.0.7.jar
2015-01-23 21:16:12.232+0000 INFO  [o.n.k.i.DiagnosticsManager]:  [classpath + loader.0] file:/Users/apprentice/Desktop/Horizon/db/neo4j/development/lib/neo4j-jmx-2.1.4.jar
2015-01-23 21:16:12.232+0000 INFO  [o.n.k.i.DiagnosticsManager]:  [classpath + loader.0] file:/Users/apprentice/Desktop/Horizon/db/neo4j/development/lib/neo4j-shell-2.1.4.jar
2015-01-23 21:16:12.232+0000 INFO  [o.n.k.i.DiagnosticsManager]:  [classpath + loader.0] file:/Users/apprentice/Desktop/Horizon/db/neo4j/development/conf/
2015-01-23 21:16:12.232+0000 INFO  [o.n.k.i.DiagnosticsManager]:  [classpath + loader.0] file:/Users/apprentice/Desktop/Horizon/db/neo4j/development/system/lib/jersey-core-1.9.jar
2015-01-23 21:16:12.232+0000 INFO  [o.n.k.i.DiagnosticsManager]:  [classpath + loader.0] file:/Users/apprentice/Desktop/Horizon/db/neo4j/development/system/lib/opencsv-2.0.jar
2015-01-23 21:16:12.232+0000 INFO  [o.n.k.i.DiagnosticsManager]:  [classpath + loader.0] file:/Users/apprentice/Desktop/Horizon/db/neo4j/development/system/lib/jsr311-api-1.1.2.r612.jar
2015-01-23 21:16:12.232+0000 INFO  [o.n.k.i.DiagnosticsManager]:  [classpath + loader.0] file:/Users/apprentice/Desktop/Horizon/db/neo4j/development/lib/neo4j-lucene-index-2.1.4.jar
2015-01-23 21:16:12.232+0000 INFO  [o.n.k.i.DiagnosticsManager]:  [classpath + loader.0] file:/Users/apprentice/Desktop/Horizon/db/neo4j/development/system/lib/mimepull-1.6.jar
2015-01-23 21:16:12.232+0000 INFO  [o.n.k.i.DiagnosticsManager]:  [classpath + loader.0] file:/Users/apprentice/Desktop/Horizon/db/neo4j/development/lib/server-api-2.1.4.jar
2015-01-23 21:16:12.232+0000 INFO  [o.n.k.i.DiagnosticsManager]: Library path:
2015-01-23 21:16:12.233+0000 INFO  [o.n.k.i.DiagnosticsManager]: /Users/apprentice/Library/Java/Extensions
2015-01-23 21:16:12.233+0000 INFO  [o.n.k.i.DiagnosticsManager]: /Library/Java/Extensions
2015-01-23 21:16:12.233+0000 INFO  [o.n.k.i.DiagnosticsManager]: /Network/Library/Java/Extensions
2015-01-23 21:16:12.233+0000 INFO  [o.n.k.i.DiagnosticsManager]: /System/Library/Java/Extensions
2015-01-23 21:16:12.233+0000 INFO  [o.n.k.i.DiagnosticsManager]: /usr/lib/java
2015-01-23 21:16:12.233+0000 INFO  [o.n.k.i.DiagnosticsManager]: /Users/apprentice/Desktop/Horizon/db/neo4j/development
2015-01-23 21:16:12.233+0000 INFO  [o.n.k.i.DiagnosticsManager]: System.properties:
2015-01-23 21:16:12.246+0000 INFO  [o.n.k.i.DiagnosticsManager]: sun.boot.library.path = /Library/Java/JavaVirtualMachines/jdk1.7.0_75.jdk/Contents/Home/jre/lib
2015-01-23 21:16:12.246+0000 INFO  [o.n.k.i.DiagnosticsManager]: org.neo4j.server.properties = conf/neo4j-server.properties
2015-01-23 21:16:12.246+0000 INFO  [o.n.k.i.DiagnosticsManager]: gopherProxySet = false
2015-01-23 21:16:12.246+0000 INFO  [o.n.k.i.DiagnosticsManager]: path.separator = :
2015-01-23 21:16:12.246+0000 INFO  [o.n.k.i.DiagnosticsManager]: file.encoding.pkg = sun.io
2015-01-23 21:16:12.246+0000 INFO  [o.n.k.i.DiagnosticsManager]: user.country = US
2015-01-23 21:16:12.246+0000 INFO  [o.n.k.i.DiagnosticsManager]: sun.java.launcher = SUN_STANDARD
2015-01-23 21:16:12.246+0000 INFO  [o.n.k.i.DiagnosticsManager]: sun.os.patch.level = unknown
2015-01-23 21:16:12.246+0000 INFO  [o.n.k.i.DiagnosticsManager]: user.dir = /Users/apprentice/Desktop/Horizon/db/neo4j/development
2015-01-23 21:16:12.246+0000 INFO  [o.n.k.i.DiagnosticsManager]: log4j.configuration = file:conf/log4j.properties
2015-01-23 21:16:12.246+0000 INFO  [o.n.k.i.DiagnosticsManager]: sun.jnu.encoding = UTF-8
2015-01-23 21:16:12.246+0000 INFO  [o.n.k.i.DiagnosticsManager]: sun.management.compiler = HotSpot 64-Bit Tiered Compilers
2015-01-23 21:16:12.247+0000 INFO  [o.n.k.i.DiagnosticsManager]: http.nonProxyHosts = local|*.local|169.254/16|*.169.254/16
2015-01-23 21:16:12.247+0000 INFO  [o.n.k.i.DiagnosticsManager]: user.home = /Users/apprentice
2015-01-23 21:16:12.247+0000 INFO  [o.n.k.i.DiagnosticsManager]: user.timezone = America/Chicago
2015-01-23 21:16:12.247+0000 INFO  [o.n.k.i.DiagnosticsManager]: file.encoding = UTF-8
2015-01-23 21:16:12.247+0000 INFO  [o.n.k.i.DiagnosticsManager]: user.name = apprentice
2015-01-23 21:16:12.247+0000 INFO  [o.n.k.i.DiagnosticsManager]: sun.java.command = org.neo4j.server.Bootstrapper
2015-01-23 21:16:12.247+0000 INFO  [o.n.k.i.DiagnosticsManager]: sun.arch.data.model = 64
2015-01-23 21:16:12.247+0000 INFO  [o.n.k.i.DiagnosticsManager]: user.language = en
2015-01-23 21:16:12.247+0000 INFO  [o.n.k.i.DiagnosticsManager]: awt.toolkit = sun.lwawt.macosx.LWCToolkit
2015-01-23 21:16:12.247+0000 INFO  [o.n.k.i.DiagnosticsManager]: file.separator = /
2015-01-23 21:16:12.247+0000 INFO  [o.n.k.i.DiagnosticsManager]: sun.io.unicode.encoding = UnicodeBig
2015-01-23 21:16:12.247+0000 INFO  [o.n.k.i.DiagnosticsManager]: sun.cpu.endian = little
2015-01-23 21:16:12.247+0000 INFO  [o.n.k.i.DiagnosticsManager]: socksNonProxyHosts = local|*.local|169.254/16|*.169.254/16
2015-01-23 21:16:12.247+0000 INFO  [o.n.k.i.DiagnosticsManager]: neo4j.instance = /Users/apprentice/Desktop/Horizon/db/neo4j/development
2015-01-23 21:16:12.247+0000 INFO  [o.n.k.i.DiagnosticsManager]: ftp.nonProxyHosts = local|*.local|169.254/16|*.169.254/16
2015-01-23 21:16:12.247+0000 INFO  [o.n.k.i.DiagnosticsManager]: neo4j.home = /Users/apprentice/Desktop/Horizon/db/neo4j/development
2015-01-23 21:16:12.247+0000 INFO  [o.n.k.i.DiagnosticsManager]: sun.cpu.isalist = 
2015-01-23 21:16:12.247+0000 INFO  [o.n.k.i.DiagnosticsManager]: Network information:
2015-01-23 21:16:12.248+0000 INFO  [o.n.k.i.DiagnosticsManager]: Interface en0:
2015-01-23 21:16:12.248+0000 INFO  [o.n.k.i.DiagnosticsManager]:     address: fe80:0:0:0:12dd:b1ff:fec6:9854%4
2015-01-23 21:16:12.248+0000 INFO  [o.n.k.i.DiagnosticsManager]:     address: 192.168.0.50
2015-01-23 21:16:12.248+0000 INFO  [o.n.k.i.DiagnosticsManager]: Interface lo0:
2015-01-23 21:16:12.248+0000 INFO  [o.n.k.i.DiagnosticsManager]:     address: fe80:0:0:0:0:0:0:1%1
2015-01-23 21:16:12.248+0000 INFO  [o.n.k.i.DiagnosticsManager]:     address: 0:0:0:0:0:0:0:1
2015-01-23 21:16:12.248+0000 INFO  [o.n.k.i.DiagnosticsManager]:     address: 127.0.0.1
2015-01-23 21:16:12.249+0000 INFO  [o.n.k.i.DiagnosticsManager]: --- INITIALIZED diagnostics END ---
2015-01-23 21:16:12.899+0000 INFO  [o.n.k.i.n.s.StoreFactory]: Creating new db @ /Users/apprentice/Desktop/Horizon/db/neo4j/development/data/graph.db/neostore
2015-01-23 21:16:13.019+0000 INFO  [o.n.k.i.n.s.StoreFactory]: [/Users/apprentice/Desktop/Horizon/db/neo4j/development/data/graph.db/neostore.relationshiptypestore.db.names] brickCount=0 brickSize=0b mappedMem=0b (storeSize=38b)
2015-01-23 21:16:13.020+0000 INFO  [o.n.k.i.n.s.StoreFactory]: [/Users/apprentice/Desktop/Horizon/db/neo4j/development/data/graph.db/neostore.relationshiptypestore.db] brickCount=0 brickSize=0b mappedMem=0b (storeSize=0b)
2015-01-23 21:16:13.020+0000 INFO  [o.n.k.i.n.s.StoreFactory]: /Users/apprentice/Desktop/Horizon/db/neo4j/development/data/graph.db/neostore.relationshiptypestore.db.names hit=0 miss=0 switches=0 ooe=0
2015-01-23 21:16:13.022+0000 INFO  [o.n.k.i.n.s.StoreFactory]: /Users/apprentice/Desktop/Horizon/db/neo4j/development/data/graph.db/neostore.relationshiptypestore.db hit=0 miss=0 switches=0 ooe=0
2015-01-23 21:16:13.026+0000 INFO  [o.n.k.i.n.s.StoreFactory]: [/Users/apprentice/Desktop/Horizon/db/neo4j/development/data/graph.db/neostore.labeltokenstore.db.names] brickCount=0 brickSize=0b mappedMem=0b (storeSize=38b)
2015-01-23 21:16:13.027+0000 INFO  [o.n.k.i.n.s.StoreFactory]: [/Users/apprentice/Desktop/Horizon/db/neo4j/development/data/graph.db/neostore.labeltokenstore.db] brickCount=0 brickSize=0b mappedMem=0b (storeSize=0b)
2015-01-23 21:16:13.027+0000 INFO  [o.n.k.i.n.s.StoreFactory]: /Users/apprentice/Desktop/Horizon/db/neo4j/development/data/graph.db/neostore.labeltokenstore.db.names hit=0 miss=0 switches=0 ooe=0
2015-01-23 21:16:13.028+0000 INFO  [o.n.k.i.n.s.StoreFactory]: /Users/apprentice/Desktop/Horizon/db/neo4j/development/data/graph.db/neostore.labeltokenstore.db hit=0 miss=0 switches=0 ooe=0
2015-01-23 21:16:13.033+0000 INFO  [o.n.k.i.n.s.StoreFactory]: [/Users/apprentice/Desktop/Horizon/db/neo4j/development/data/graph.db/neostore.relationshiptypestore.db.names] brickCount=0 brickSize=0b mappedMem=0b (storeSize=38b)
2015-01-23 21:16:13.034+0000 INFO  [o.n.k.i.n.s.StoreFactory]: [/Users/apprentice/Desktop/Horizon/db/neo4j/development/data/graph.db/neostore.relationshiptypestore.db] brickCount=0 brickSize=0b mappedMem=0b (storeSize=0b)
2015-01-23 21:16:13.034+0000 INFO  [o.n.k.i.n.s.StoreFactory]: [/Users/apprentice/Desktop/Horizon/db/neo4j/development/data/graph.db/neostore.labeltokenstore.db.names] brickCount=0 brickSize=0b mappedMem=0b (storeSize=38b)
2015-01-23 21:16:13.034+0000 INFO  [o.n.k.i.n.s.StoreFactory]: [/Users/apprentice/Desktop/Horizon/db/neo4j/development/data/graph.db/neostore.labeltokenstore.db] brickCount=0 brickSize=0b mappedMem=0b (storeSize=0b)
2015-01-23 21:16:13.035+0000 INFO  [o.n.k.i.n.s.StoreFactory]: [/Users/apprentice/Desktop/Horizon/db/neo4j/development/data/graph.db/neostore.propertystore.db.strings] brickCount=0 brickSize=572416b mappedMem=572522496b (storeSize=128b)
2015-01-23 21:16:13.035+0000 INFO  [o.n.k.i.n.s.StoreFactory]: [/Users/apprentice/Desktop/Horizon/db/neo4j/development/data/graph.db/neostore.propertystore.db.index.keys] brickCount=0 brickSize=0b mappedMem=0b (storeSize=38b)
2015-01-23 21:16:13.035+0000 INFO  [o.n.k.i.n.s.StoreFactory]: [/Users/apprentice/Desktop/Horizon/db/neo4j/development/data/graph.db/neostore.propertystore.db.index] brickCount=0 brickSize=0b mappedMem=0b (storeSize=0b)
2015-01-23 21:16:13.036+0000 INFO  [o.n.k.i.n.s.StoreFactory]: [/Users/apprentice/Desktop/Horizon/db/neo4j/development/data/graph.db/neostore.propertystore.db.arrays] brickCount=0 brickSize=648960b mappedMem=649068544b (storeSize=128b)
2015-01-23 21:16:13.039+0000 INFO  [o.n.k.i.n.s.StoreFactory]: [/Users/apprentice/Desktop/Horizon/db/neo4j/development/data/graph.db/neostore.propertystore.db] brickCount=0 brickSize=6742327b mappedMem=674234368b (storeSize=0b)
2015-01-23 21:16:13.043+0000 INFO  [o.n.k.i.n.s.StoreFactory]: [/Users/apprentice/Desktop/Horizon/db/neo4j/development/data/graph.db/neostore.relationshipstore.db] brickCount=0 brickSize=8252276b mappedMem=825229312b (storeSize=0b)
2015-01-23 21:16:13.043+0000 INFO  [o.n.k.i.n.s.StoreFactory]: [/Users/apprentice/Desktop/Horizon/db/neo4j/development/data/graph.db/neostore.nodestore.db.labels] brickCount=0 brickSize=0b mappedMem=0b (storeSize=68b)
2015-01-23 21:16:13.045+0000 INFO  [o.n.k.i.n.s.StoreFactory]: [/Users/apprentice/Desktop/Horizon/db/neo4j/development/data/graph.db/neostore.nodestore.db] brickCount=0 brickSize=1866465b mappedMem=186646528b (storeSize=0b)
2015-01-23 21:16:13.046+0000 INFO  [o.n.k.i.n.s.StoreFactory]: [/Users/apprentice/Desktop/Horizon/db/neo4j/development/data/graph.db/neostore.schemastore.db] brickCount=0 brickSize=0b mappedMem=0b (storeSize=64b)
2015-01-23 21:16:13.047+0000 INFO  [o.n.k.i.n.s.StoreFactory]: [/Users/apprentice/Desktop/Horizon/db/neo4j/development/data/graph.db/neostore.relationshipgroupstore.db] brickCount=0 brickSize=0b mappedMem=0b (storeSize=25b)
2015-01-23 21:16:13.048+0000 INFO  [o.n.k.i.n.s.StoreFactory]: [/Users/apprentice/Desktop/Horizon/db/neo4j/development/data/graph.db/neostore] brickCount=0 brickSize=0b mappedMem=0b (storeSize=0b)
2015-01-23 21:16:13.054+0000 INFO  [o.n.k.i.n.s.StoreFactory]: /Users/apprentice/Desktop/Horizon/db/neo4j/development/data/graph.db/neostore.relationshiptypestore.db.names hit=0 miss=0 switches=0 ooe=0
2015-01-23 21:16:13.055+0000 INFO  [o.n.k.i.n.s.StoreFactory]: /Users/apprentice/Desktop/Horizon/db/neo4j/development/data/graph.db/neostore.relationshiptypestore.db hit=0 miss=0 switches=0 ooe=0
2015-01-23 21:16:13.056+0000 INFO  [o.n.k.i.n.s.StoreFactory]: /Users/apprentice/Desktop/Horizon/db/neo4j/development/data/graph.db/neostore.labeltokenstore.db.names hit=0 miss=0 switches=0 ooe=0
2015-01-23 21:16:13.057+0000 INFO  [o.n.k.i.n.s.StoreFactory]: /Users/apprentice/Desktop/Horizon/db/neo4j/development/data/graph.db/neostore.labeltokenstore.db hit=0 miss=0 switches=0 ooe=0
2015-01-23 21:16:13.058+0000 INFO  [o.n.k.i.n.s.StoreFactory]: /Users/apprentice/Desktop/Horizon/db/neo4j/development/data/graph.db/neostore.propertystore.db.strings hit=0 miss=0 switches=0 ooe=0
2015-01-23 21:16:13.059+0000 INFO  [o.n.k.i.n.s.StoreFactory]: /Users/apprentice/Desktop/Horizon/db/neo4j/development/data/graph.db/neostore.propertystore.db.index.keys hit=0 miss=0 switches=0 ooe=0
2015-01-23 21:16:13.060+0000 INFO  [o.n.k.i.n.s.StoreFactory]: /Users/apprentice/Desktop/Horizon/db/neo4j/development/data/graph.db/neostore.propertystore.db.index hit=0 miss=0 switches=0 ooe=0
2015-01-23 21:16:13.061+0000 INFO  [o.n.k.i.n.s.StoreFactory]: /Users/apprentice/Desktop/Horizon/db/neo4j/development/data/graph.db/neostore.propertystore.db.arrays hit=0 miss=0 switches=0 ooe=0
2015-01-23 21:16:13.063+0000 INFO  [o.n.k.i.n.s.StoreFactory]: /Users/apprentice/Desktop/Horizon/db/neo4j/development/data/graph.db/neostore.propertystore.db hit=0 miss=0 switches=0 ooe=0
2015-01-23 21:16:13.064+0000 INFO  [o.n.k.i.n.s.StoreFactory]: /Users/apprentice/Desktop/Horizon/db/neo4j/development/data/graph.db/neostore.relationshipstore.db hit=0 miss=0 switches=0 ooe=0
2015-01-23 21:16:13.068+0000 INFO  [o.n.k.i.n.s.StoreFactory]: /Users/apprentice/Desktop/Horizon/db/neo4j/development/data/graph.db/neostore.nodestore.db.labels hit=0 miss=0 switches=0 ooe=0
2015-01-23 21:16:13.071+0000 INFO  [o.n.k.i.n.s.StoreFactory]: /Users/apprentice/Desktop/Horizon/db/neo4j/development/data/graph.db/neostore.nodestore.db hit=0 miss=0 switches=0 ooe=0
2015-01-23 21:16:13.074+0000 INFO  [o.n.k.i.n.s.StoreFactory]: /Users/apprentice/Desktop/Horizon/db/neo4j/development/data/graph.db/neostore.schemastore.db hit=0 miss=0 switches=0 ooe=0
2015-01-23 21:16:13.076+0000 INFO  [o.n.k.i.n.s.StoreFactory]: /Users/apprentice/Desktop/Horizon/db/neo4j/development/data/graph.db/neostore.relationshipgroupstore.db hit=0 miss=0 switches=0 ooe=0
2015-01-23 21:16:13.082+0000 INFO  [o.n.k.i.n.s.StoreFactory]: /Users/apprentice/Desktop/Horizon/db/neo4j/development/data/graph.db/neostore hit=0 miss=10 switches=0 ooe=0
2015-01-23 21:16:13.121+0000 INFO  [o.n.k.i.n.s.StoreFactory]: [/Users/apprentice/Desktop/Horizon/db/neo4j/development/data/graph.db/neostore.relationshiptypestore.db.names] brickCount=0 brickSize=0b mappedMem=0b (storeSize=38b)
2015-01-23 21:16:13.122+0000 INFO  [o.n.k.i.n.s.StoreFactory]: [/Users/apprentice/Desktop/Horizon/db/neo4j/development/data/graph.db/neostore.relationshiptypestore.db] brickCount=0 brickSize=0b mappedMem=0b (storeSize=0b)
2015-01-23 21:16:13.122+0000 INFO  [o.n.k.i.n.s.StoreFactory]: [/Users/apprentice/Desktop/Horizon/db/neo4j/development/data/graph.db/neostore.labeltokenstore.db.names] brickCount=0 brickSize=0b mappedMem=0b (storeSize=38b)
2015-01-23 21:16:13.123+0000 INFO  [o.n.k.i.n.s.StoreFactory]: [/Users/apprentice/Desktop/Horizon/db/neo4j/development/data/graph.db/neostore.labeltokenstore.db] brickCount=0 brickSize=0b mappedMem=0b (storeSize=0b)
2015-01-23 21:16:13.123+0000 INFO  [o.n.k.i.n.s.StoreFactory]: [/Users/apprentice/Desktop/Horizon/db/neo4j/development/data/graph.db/neostore.propertystore.db.strings] brickCount=0 brickSize=572416b mappedMem=572522496b (storeSize=128b)
2015-01-23 21:16:13.124+0000 INFO  [o.n.k.i.n.s.StoreFactory]: [/Users/apprentice/Desktop/Horizon/db/neo4j/development/data/graph.db/neostore.propertystore.db.index.keys] brickCount=0 brickSize=0b mappedMem=0b (storeSize=38b)
2015-01-23 21:16:13.124+0000 INFO  [o.n.k.i.n.s.StoreFactory]: [/Users/apprentice/Desktop/Horizon/db/neo4j/development/data/graph.db/neostore.propertystore.db.index] brickCount=0 brickSize=0b mappedMem=0b (storeSize=0b)
2015-01-23 21:16:13.125+0000 INFO  [o.n.k.i.n.s.StoreFactory]: [/Users/apprentice/Desktop/Horizon/db/neo4j/development/data/graph.db/neostore.propertystore.db.arrays] brickCount=0 brickSize=648960b mappedMem=649068544b (storeSize=128b)
2015-01-23 21:16:13.126+0000 INFO  [o.n.k.i.n.s.StoreFactory]: [/Users/apprentice/Desktop/Horizon/db/neo4j/development/data/graph.db/neostore.propertystore.db] brickCount=0 brickSize=6742327b mappedMem=674234368b (storeSize=0b)
2015-01-23 21:16:13.126+0000 INFO  [o.n.k.i.n.s.StoreFactory]: [/Users/apprentice/Desktop/Horizon/db/neo4j/development/data/graph.db/neostore.relationshipstore.db] brickCount=0 brickSize=8252276b mappedMem=825229312b (storeSize=0b)
2015-01-23 21:16:13.127+0000 INFO  [o.n.k.i.n.s.StoreFactory]: [/Users/apprentice/Desktop/Horizon/db/neo4j/development/data/graph.db/neostore.nodestore.db.labels] brickCount=0 brickSize=0b mappedMem=0b (storeSize=68b)
2015-01-23 21:16:13.127+0000 INFO  [o.n.k.i.n.s.StoreFactory]: [/Users/apprentice/Desktop/Horizon/db/neo4j/development/data/graph.db/neostore.nodestore.db] brickCount=0 brickSize=1866465b mappedMem=186646528b (storeSize=0b)
2015-01-23 21:16:13.128+0000 INFO  [o.n.k.i.n.s.StoreFactory]: [/Users/apprentice/Desktop/Horizon/db/neo4j/development/data/graph.db/neostore.schemastore.db] brickCount=0 brickSize=0b mappedMem=0b (storeSize=64b)
2015-01-23 21:16:13.128+0000 INFO  [o.n.k.i.n.s.StoreFactory]: [/Users/apprentice/Desktop/Horizon/db/neo4j/development/data/graph.db/neostore.relationshipgroupstore.db] brickCount=0 brickSize=0b mappedMem=0b (storeSize=25b)
2015-01-23 21:16:13.129+0000 INFO  [o.n.k.i.n.s.StoreFactory]: [/Users/apprentice/Desktop/Horizon/db/neo4j/development/data/graph.db/neostore] brickCount=0 brickSize=0b mappedMem=0b (storeSize=81b)
2015-01-23 21:16:13.330+0000 INFO  [o.n.k.a.i.i.LuceneLabelScanStore]: No lucene scan store index found, this might just be first use. Preparing to rebuild.
2015-01-23 21:16:13.413+0000 INFO  [o.n.k.a.i.i.LuceneLabelScanStore]: No lucene scan store index found, this might just be first use. Preparing to rebuild.
2015-01-23 21:16:13.620+0000 INFO  [o.n.k.i.t.x.XaLogicalLog]: Opened logical log [/Users/apprentice/Desktop/Horizon/db/neo4j/development/data/graph.db/nioneo_logical.log.1] version=0, lastTxId=1 (clean)
2015-01-23 21:16:13.637+0000 INFO  [o.n.k.a.i.i.LuceneLabelScanStore]: Rebuilding lucene scan store, this may take a while
2015-01-23 21:16:13.644+0000 INFO  [o.n.k.a.i.i.LuceneLabelScanStore]: Lucene scan store rebuilt (roughly -1 nodes)
2015-01-23 21:16:13.647+0000 INFO  [o.n.k.i.t.TxManager]: TM new log: tm_tx_log.1
2015-01-23 21:16:13.675+0000 INFO  [o.n.k.i.t.KernelHealth]: Kernel health set to OK
2015-01-23 21:16:14.227+0000 INFO  [o.n.k.i.t.x.XaLogicalLog]: Opened logical log [/Users/apprentice/Desktop/Horizon/db/neo4j/development/data/graph.db/index/lucene.log.1] version=0, lastTxId=1 (clean)
2015-01-23 21:16:14.232+0000 INFO  [o.n.k.i.DiagnosticsManager]: --- STARTED diagnostics for KernelDiagnostics:Versions START ---
2015-01-23 21:16:14.232+0000 INFO  [o.n.k.i.DiagnosticsManager]: Graph Database: org.neo4j.kernel.EmbeddedGraphDatabase StoreId{creationTime=1422047772946, randomId=4166510421916750454, storeVersion=14406081294923270, upgradeTime=1422047772946, upgradeId=4166510421916750454}
2015-01-23 21:16:14.232+0000 INFO  [o.n.k.i.DiagnosticsManager]: Kernel version: Neo4j - Graph Database Kernel (neo4j-kernel), version: 2.1.4
2015-01-23 21:16:14.232+0000 INFO  [o.n.k.i.DiagnosticsManager]: Neo4j component versions:
2015-01-23 21:16:14.239+0000 INFO  [o.n.k.i.DiagnosticsManager]:   Neo4j - Lucene Index (neo4j-lucene-index), version: 2.1.4; revision: 2.1.4:2.1-maint:472/9e3b31ae01b01caaaa433d8843b81d7c355e8f69
2015-01-23 21:16:14.239+0000 INFO  [o.n.k.i.DiagnosticsManager]:   Neo4j - JMX support (neo4j-jmx), version: 2.1.4; revision: 2.1.4:2.1-maint:472/9e3b31ae01b01caaaa433d8843b81d7c355e8f69
2015-01-23 21:16:14.239+0000 INFO  [o.n.k.i.DiagnosticsManager]:   Neo4j - Graph Matching (neo4j-graph-matching), version: 2.1.4; revision: 2.1.4:2.1-maint:472/9e3b31ae01b01caaaa433d8843b81d7c355e8f69
2015-01-23 21:16:14.239+0000 INFO  [o.n.k.i.DiagnosticsManager]:   Neo4j Server API (server-api), version: 2.1.4; revision: 2.1.4:2.1-maint:472/9e3b31ae01b01caaaa433d8843b81d7c355e8f69
2015-01-23 21:16:14.239+0000 INFO  [o.n.k.i.DiagnosticsManager]:   Neo4j - Graph Database Kernel (neo4j-kernel), version: 2.1.4; revision: 2.1.4:2.1-maint:472/9e3b31ae01b01caaaa433d8843b81d7c355e8f69
2015-01-23 21:16:14.239+0000 INFO  [o.n.k.i.DiagnosticsManager]:   Neo4j - Cypher (neo4j-cypher), version: 2.1.4; revision: 2.1.4:2.1-maint:472/9e3b31ae01b01caaaa433d8843b81d7c355e8f69
2015-01-23 21:16:14.239+0000 INFO  [o.n.k.i.DiagnosticsManager]:   Neo4j Server (neo4j-server), version: 2.1.4; revision: 2.1.4:2.1-maint:472/9e3b31ae01b01caaaa433d8843b81d7c355e8f69
2015-01-23 21:16:14.239+0000 INFO  [o.n.k.i.DiagnosticsManager]:   Neo4j - Graph Algorithms (neo4j-graph-algo), version: 2.1.4; revision: 2.1.4:2.1-maint:472/9e3b31ae01b01caaaa433d8843b81d7c355e8f69
2015-01-23 21:16:14.240+0000 INFO  [o.n.k.i.DiagnosticsManager]:   Neo4j - Cypher Compiler 2.0 (neo4j-cypher-compiler-2.0), version: 2.0.3; revision: 2.0.3:2.0-maint:72/307c563c11b75fdc71cfa6df05daf9b08d6c37dc
2015-01-23 21:16:14.240+0000 INFO  [o.n.k.i.DiagnosticsManager]:   Neo4j - Generic shell (neo4j-shell), version: 2.1.4; revision: 2.1.4:2.1-maint:472/9e3b31ae01b01caaaa433d8843b81d7c355e8f69
2015-01-23 21:16:14.240+0000 INFO  [o.n.k.i.DiagnosticsManager]:   Neo4j - Cypher Compiler 1.9 (neo4j-cypher-compiler-1.9), version: 2.0.3; revision: 2.0.3:2.0-maint:72/307c563c11b75fdc71cfa6df05daf9b08d6c37dc
2015-01-23 21:16:14.240+0000 INFO  [o.n.k.i.DiagnosticsManager]:   neo4j-udc, version: 2.1.4; revision: 2.1.4:2.1-maint:472/9e3b31ae01b01caaaa433d8843b81d7c355e8f69
2015-01-23 21:16:14.240+0000 INFO  [o.n.k.i.DiagnosticsManager]:   Neo4j - Cypher Commons (neo4j-cypher-commons), version: 2.1.4; revision: 2.1.4:2.1-maint:472/9e3b31ae01b01caaaa433d8843b81d7c355e8f69
2015-01-23 21:16:14.240+0000 INFO  [o.n.k.i.DiagnosticsManager]: --- STARTED diagnostics for KernelDiagnostics:Versions END ---
2015-01-23 21:16:14.253+0000 INFO  [o.n.k.i.DiagnosticsManager]: --- STARTED diagnostics for NEO_STORE_VERSIONS START ---
2015-01-23 21:16:14.261+0000 INFO  [o.n.k.i.DiagnosticsManager]: Store versions:
2015-01-23 21:16:14.262+0000 INFO  [o.n.k.i.DiagnosticsManager]: Store versions:
2015-01-23 21:16:14.262+0000 INFO  [o.n.k.i.DiagnosticsManager]:   NeoStore v0.A.3
2015-01-23 21:16:14.262+0000 INFO  [o.n.k.i.DiagnosticsManager]:   SchemaStore v0.A.3
2015-01-23 21:16:14.262+0000 INFO  [o.n.k.i.DiagnosticsManager]:   NodeStore v0.A.3
2015-01-23 21:16:14.262+0000 INFO  [o.n.k.i.DiagnosticsManager]:   RelationshipStore v0.A.3
2015-01-23 21:16:14.262+0000 INFO  [o.n.k.i.DiagnosticsManager]:   RelationshipTypeStore v0.A.3
2015-01-23 21:16:14.262+0000 INFO  [o.n.k.i.DiagnosticsManager]:   LabelTokenStore v0.A.3
2015-01-23 21:16:14.262+0000 INFO  [o.n.k.i.DiagnosticsManager]:   PropertyStore v0.A.3
2015-01-23 21:16:14.262+0000 INFO  [o.n.k.i.DiagnosticsManager]:   PropertyIndexStore v0.A.3
2015-01-23 21:16:14.262+0000 INFO  [o.n.k.i.DiagnosticsManager]:   StringPropertyStore v0.A.3
2015-01-23 21:16:14.262+0000 INFO  [o.n.k.i.DiagnosticsManager]:   ArrayPropertyStore v0.A.3
2015-01-23 21:16:14.262+0000 INFO  [o.n.k.i.DiagnosticsManager]:   RelationshipGroupStore v0.A.3
2015-01-23 21:16:14.262+0000 INFO  [o.n.k.i.DiagnosticsManager]: --- STARTED diagnostics for NEO_STORE_VERSIONS END ---
2015-01-23 21:16:14.262+0000 INFO  [o.n.k.i.DiagnosticsManager]: --- STARTED diagnostics for NEO_STORE_ID_USAGE START ---
2015-01-23 21:16:14.262+0000 INFO  [o.n.k.i.DiagnosticsManager]: Id usage:
2015-01-23 21:16:14.262+0000 INFO  [o.n.k.i.DiagnosticsManager]: Id usage:
2015-01-23 21:16:14.263+0000 INFO  [o.n.k.i.DiagnosticsManager]:   SchemaStore: used=1 high=0
2015-01-23 21:16:14.263+0000 INFO  [o.n.k.i.DiagnosticsManager]:   NodeStore: used=0 high=-1
2015-01-23 21:16:14.263+0000 INFO  [o.n.k.i.DiagnosticsManager]:   RelationshipStore: used=0 high=-1
2015-01-23 21:16:14.263+0000 INFO  [o.n.k.i.DiagnosticsManager]:   RelationshipTypeStore: used=0 high=-1
2015-01-23 21:16:14.263+0000 INFO  [o.n.k.i.DiagnosticsManager]:   LabelTokenStore: used=0 high=-1
2015-01-23 21:16:14.263+0000 INFO  [o.n.k.i.DiagnosticsManager]:   PropertyStore: used=0 high=-1
2015-01-23 21:16:14.263+0000 INFO  [o.n.k.i.DiagnosticsManager]:   PropertyIndexStore: used=0 high=-1
2015-01-23 21:16:14.264+0000 INFO  [o.n.k.i.DiagnosticsManager]:   StringPropertyStore: used=1 high=0
2015-01-23 21:16:14.264+0000 INFO  [o.n.k.i.DiagnosticsManager]:   ArrayPropertyStore: used=1 high=0
2015-01-23 21:16:14.264+0000 INFO  [o.n.k.i.DiagnosticsManager]:   RelationshipGroupStore: used=1 high=0
2015-01-23 21:16:14.264+0000 INFO  [o.n.k.i.DiagnosticsManager]: --- STARTED diagnostics for NEO_STORE_ID_USAGE END ---
2015-01-23 21:16:14.264+0000 INFO  [o.n.k.i.DiagnosticsManager]: --- STARTED diagnostics for PERSISTENCE_WINDOW_POOL_STATS START ---
2015-01-23 21:16:14.264+0000 INFO  [o.n.k.i.DiagnosticsManager]: --- STARTED diagnostics for PERSISTENCE_WINDOW_POOL_STATS END ---
2015-01-23 21:16:14.264+0000 INFO  [o.n.k.i.DiagnosticsManager]: --- STARTED diagnostics for KernelDiagnostics:StoreFiles START ---
2015-01-23 21:16:14.265+0000 INFO  [o.n.k.i.DiagnosticsManager]: Disk space on partition (Total / Free / Free %): 499113885696 / 475216396288 / 95
Storage files: (filename : modification date - size)
2015-01-23 21:16:14.266+0000 INFO  [o.n.k.i.DiagnosticsManager]:   active_tx_log: 2015-01-23T15:16:13-0600 - 11.00 B
2015-01-23 21:16:14.266+0000 INFO  [o.n.k.i.DiagnosticsManager]:   index:
2015-01-23 21:16:14.267+0000 INFO  [o.n.k.i.DiagnosticsManager]:     lucene-store.db: 2015-01-23T15:16:14-0600 - 40.00 B
2015-01-23 21:16:14.267+0000 INFO  [o.n.k.i.DiagnosticsManager]:     lucene.log.1: 2015-01-23T15:16:14-0600 - 16.00 B
2015-01-23 21:16:14.267+0000 INFO  [o.n.k.i.DiagnosticsManager]:     lucene.log.active: 2015-01-23T15:16:14-0600 - 4.00 B
2015-01-23 21:16:14.268+0000 INFO  [o.n.k.i.DiagnosticsManager]:   - Total: 2015-01-23T15:16:14-0600 - 60.00 B
2015-01-23 21:16:14.268+0000 INFO  [o.n.k.i.DiagnosticsManager]:   lock: 2015-01-23T15:16:13-0600 - 0.00 B
2015-01-23 21:16:14.268+0000 INFO  [o.n.k.i.DiagnosticsManager]:   messages.log: 2015-01-23T15:16:14-0600 - 43.83 kB
2015-01-23 21:16:14.268+0000 INFO  [o.n.k.i.DiagnosticsManager]:   neostore: 2015-01-23T15:16:13-0600 - 81.00 B
2015-01-23 21:16:14.269+0000 INFO  [o.n.k.i.DiagnosticsManager]:   neostore.id: 2015-01-23T15:16:13-0600 - 9.00 B
2015-01-23 21:16:14.269+0000 INFO  [o.n.k.i.DiagnosticsManager]:   neostore.labeltokenstore.db: 2015-01-23T15:16:13-0600 - 0.00 B
2015-01-23 21:16:14.269+0000 INFO  [o.n.k.i.DiagnosticsManager]:   neostore.labeltokenstore.db.id: 2015-01-23T15:16:13-0600 - 9.00 B
2015-01-23 21:16:14.270+0000 INFO  [o.n.k.i.DiagnosticsManager]:   neostore.labeltokenstore.db.names: 2015-01-23T15:16:13-0600 - 38.00 B
2015-01-23 21:16:14.270+0000 INFO  [o.n.k.i.DiagnosticsManager]:   neostore.labeltokenstore.db.names.id: 2015-01-23T15:16:13-0600 - 9.00 B
2015-01-23 21:16:14.270+0000 INFO  [o.n.k.i.DiagnosticsManager]:   neostore.nodestore.db: 2015-01-23T15:16:13-0600 - 0.00 B
2015-01-23 21:16:14.270+0000 INFO  [o.n.k.i.DiagnosticsManager]:   neostore.nodestore.db.id: 2015-01-23T15:16:13-0600 - 9.00 B
2015-01-23 21:16:14.271+0000 INFO  [o.n.k.i.DiagnosticsManager]:   neostore.nodestore.db.labels: 2015-01-23T15:16:13-0600 - 68.00 B
2015-01-23 21:16:14.271+0000 INFO  [o.n.k.i.DiagnosticsManager]:   neostore.nodestore.db.labels.id: 2015-01-23T15:16:13-0600 - 9.00 B
2015-01-23 21:16:14.271+0000 INFO  [o.n.k.i.DiagnosticsManager]:   neostore.propertystore.db: 2015-01-23T15:16:13-0600 - 0.00 B
2015-01-23 21:16:14.272+0000 INFO  [o.n.k.i.DiagnosticsManager]:   neostore.propertystore.db.arrays: 2015-01-23T15:16:13-0600 - 128.00 B
2015-01-23 21:16:14.272+0000 INFO  [o.n.k.i.DiagnosticsManager]:   neostore.propertystore.db.arrays.id: 2015-01-23T15:16:13-0600 - 9.00 B
2015-01-23 21:16:14.272+0000 INFO  [o.n.k.i.DiagnosticsManager]:   neostore.propertystore.db.id: 2015-01-23T15:16:13-0600 - 9.00 B
2015-01-23 21:16:14.273+0000 INFO  [o.n.k.i.DiagnosticsManager]:   neostore.propertystore.db.index: 2015-01-23T15:16:13-0600 - 0.00 B
2015-01-23 21:16:14.273+0000 INFO  [o.n.k.i.DiagnosticsManager]:   neostore.propertystore.db.index.id: 2015-01-23T15:16:13-0600 - 9.00 B
2015-01-23 21:16:14.273+0000 INFO  [o.n.k.i.DiagnosticsManager]:   neostore.propertystore.db.index.keys: 2015-01-23T15:16:13-0600 - 38.00 B
2015-01-23 21:16:14.273+0000 INFO  [o.n.k.i.DiagnosticsManager]:   neostore.propertystore.db.index.keys.id: 2015-01-23T15:16:13-0600 - 9.00 B
2015-01-23 21:16:14.274+0000 INFO  [o.n.k.i.DiagnosticsManager]:   neostore.propertystore.db.strings: 2015-01-23T15:16:13-0600 - 128.00 B
2015-01-23 21:16:14.274+0000 INFO  [o.n.k.i.DiagnosticsManager]:   neostore.propertystore.db.strings.id: 2015-01-23T15:16:13-0600 - 9.00 B
2015-01-23 21:16:14.274+0000 INFO  [o.n.k.i.DiagnosticsManager]:   neostore.relationshipgroupstore.db: 2015-01-23T15:16:13-0600 - 25.00 B
2015-01-23 21:16:14.275+0000 INFO  [o.n.k.i.DiagnosticsManager]:   neostore.relationshipgroupstore.db.id: 2015-01-23T15:16:13-0600 - 9.00 B
2015-01-23 21:16:14.275+0000 INFO  [o.n.k.i.DiagnosticsManager]:   neostore.relationshipstore.db: 2015-01-23T15:16:13-0600 - 0.00 B
2015-01-23 21:16:14.275+0000 INFO  [o.n.k.i.DiagnosticsManager]:   neostore.relationshipstore.db.id: 2015-01-23T15:16:13-0600 - 9.00 B
2015-01-23 21:16:14.275+0000 INFO  [o.n.k.i.DiagnosticsManager]:   neostore.relationshiptypestore.db: 2015-01-23T15:16:13-0600 - 0.00 B
2015-01-23 21:16:14.276+0000 INFO  [o.n.k.i.DiagnosticsManager]:   neostore.relationshiptypestore.db.id: 2015-01-23T15:16:13-0600 - 9.00 B
2015-01-23 21:16:14.276+0000 INFO  [o.n.k.i.DiagnosticsManager]:   neostore.relationshiptypestore.db.names: 2015-01-23T15:16:13-0600 - 38.00 B
2015-01-23 21:16:14.276+0000 INFO  [o.n.k.i.DiagnosticsManager]:   neostore.relationshiptypestore.db.names.id: 2015-01-23T15:16:13-0600 - 9.00 B
2015-01-23 21:16:14.276+0000 INFO  [o.n.k.i.DiagnosticsManager]:   neostore.schemastore.db: 2015-01-23T15:16:13-0600 - 64.00 B
2015-01-23 21:16:14.277+0000 INFO  [o.n.k.i.DiagnosticsManager]:   neostore.schemastore.db.id: 2015-01-23T15:16:13-0600 - 9.00 B
2015-01-23 21:16:14.277+0000 INFO  [o.n.k.i.DiagnosticsManager]:   nioneo_logical.log.1: 2015-01-23T15:16:13-0600 - 16.00 B
2015-01-23 21:16:14.277+0000 INFO  [o.n.k.i.DiagnosticsManager]:   nioneo_logical.log.active: 2015-01-23T15:16:13-0600 - 4.00 B
2015-01-23 21:16:14.278+0000 INFO  [o.n.k.i.DiagnosticsManager]:   schema:
2015-01-23 21:16:14.278+0000 INFO  [o.n.k.i.DiagnosticsManager]:     label:
2015-01-23 21:16:14.278+0000 INFO  [o.n.k.i.DiagnosticsManager]:       lucene:
2015-01-23 21:16:14.278+0000 INFO  [o.n.k.i.DiagnosticsManager]:         write.lock: 2015-01-23T15:16:13-0600 - 0.00 B
2015-01-23 21:16:14.278+0000 INFO  [o.n.k.i.DiagnosticsManager]:       - Total: 2015-01-23T15:16:13-0600 - 0.00 B
2015-01-23 21:16:14.279+0000 INFO  [o.n.k.i.DiagnosticsManager]:     - Total: 2015-01-23T15:16:13-0600 - 0.00 B
2015-01-23 21:16:14.279+0000 INFO  [o.n.k.i.DiagnosticsManager]:   - Total: 2015-01-23T15:16:13-0600 - 0.00 B
2015-01-23 21:16:14.279+0000 INFO  [o.n.k.i.DiagnosticsManager]:   store_lock: 2015-01-23T15:16:12-0600 - 0.00 B
2015-01-23 21:16:14.280+0000 INFO  [o.n.k.i.DiagnosticsManager]:   tm_tx_log.1: 2015-01-23T15:16:13-0600 - 0.00 B
2015-01-23 21:16:14.280+0000 INFO  [o.n.k.i.DiagnosticsManager]: --- STARTED diagnostics for KernelDiagnostics:StoreFiles END ---
2015-01-23 21:16:14.341+0000 INFO  [o.n.k.EmbeddedGraphDatabase]: GC Monitor started. 
2015-01-23 21:16:14.341+0000 INFO  [o.n.k.EmbeddedGraphDatabase]: Database is now ready
2015-01-23 21:16:15.573+0000 INFO  [o.n.s.d.LifecycleManagingDatabase]: Successfully started database
2015-01-23 21:16:15.573+0000 INFO  [o.n.k.i.DiagnosticsManager]: --- SERVER STARTED START ---
2015-01-23 21:16:15.784+0000 INFO  [o.n.s.CommunityNeoServer]: Starting HTTP on port :7474 with 40 threads available
2015-01-23 21:16:16.094+0000 INFO  [o.n.s.CommunityNeoServer]: Enabling HTTPS on port :7473
2015-01-23 21:16:16.094+0000 INFO  [o.n.s.CommunityNeoServer]: No SSL certificate found, generating a self-signed certificate..
2015-01-23 21:16:16.523+0000 INFO  [o.n.k.i.DiagnosticsManager]: --- STARTED diagnostics for org.neo4j.server.configuration.Configurator START ---
2015-01-23 21:16:16.525+0000 INFO  [o.n.k.i.DiagnosticsManager]: Server configuration:
2015-01-23 21:16:16.525+0000 INFO  [o.n.k.i.DiagnosticsManager]: org.neo4j.server.database.location = data/graph.db
2015-01-23 21:16:16.525+0000 INFO  [o.n.k.i.DiagnosticsManager]: org.neo4j.server.webserver.port = 7474
2015-01-23 21:16:16.525+0000 INFO  [o.n.k.i.DiagnosticsManager]: org.neo4j.server.webserver.https.enabled = true
2015-01-23 21:16:16.525+0000 INFO  [o.n.k.i.DiagnosticsManager]: org.neo4j.server.webserver.https.port = 7473
2015-01-23 21:16:16.526+0000 INFO  [o.n.k.i.DiagnosticsManager]: org.neo4j.server.webserver.https.cert.location = conf/ssl/snakeoil.cert
2015-01-23 21:16:16.526+0000 INFO  [o.n.k.i.DiagnosticsManager]: org.neo4j.server.webserver.https.key.location = conf/ssl/snakeoil.key
2015-01-23 21:16:16.526+0000 INFO  [o.n.k.i.DiagnosticsManager]: org.neo4j.server.webserver.https.keystore.location = data/keystore
2015-01-23 21:16:16.526+0000 INFO  [o.n.k.i.DiagnosticsManager]: org.neo4j.server.webadmin.rrdb.location = data/rrd
2015-01-23 21:16:16.526+0000 INFO  [o.n.k.i.DiagnosticsManager]: org.neo4j.server.db.tuning.properties = conf/neo4j.properties
2015-01-23 21:16:16.526+0000 INFO  [o.n.k.i.DiagnosticsManager]: org.neo4j.server.manage.console_engines = shell
2015-01-23 21:16:16.526+0000 INFO  [o.n.k.i.DiagnosticsManager]: org.neo4j.server.http.log.enabled = false
2015-01-23 21:16:16.526+0000 INFO  [o.n.k.i.DiagnosticsManager]: org.neo4j.server.http.log.config = conf/neo4j-http-logging.xml
2015-01-23 21:16:16.526+0000 INFO  [o.n.k.i.DiagnosticsManager]: org.neo4j.server.webadmin.management.uri = /db/manage/
2015-01-23 21:16:16.526+0000 INFO  [o.n.k.i.DiagnosticsManager]: org.neo4j.server.webadmin.data.uri = /db/data/
2015-01-23 21:16:16.526+0000 INFO  [o.n.k.i.DiagnosticsManager]: --- STARTED diagnostics for org.neo4j.server.configuration.Configurator END ---
2015-01-23 21:16:16.553+0000 INFO  [o.n.s.m.DiscoveryModule]: Mounted discovery module at [/]
2015-01-23 21:16:16.585+0000 INFO  [o.n.s.m.RESTApiModule]: Mounted REST API at [/db/data/]
2015-01-23 21:16:16.588+0000 INFO  [o.n.s.m.ManagementApiModule]: Mounted management API at [/db/manage/]
2015-01-23 21:16:16.589+0000 INFO  [o.n.s.m.WebAdminModule]: Mounted webadmin at [/webadmin]
2015-01-23 21:16:16.589+0000 INFO  [o.n.s.m.Neo4jBrowserModule]: Mounted Neo4j Browser at [/browser]
2015-01-23 21:16:16.734+0000 INFO  [o.n.s.w.Jetty9WebServer]: Mounting static content at [/webadmin] from [webadmin-html]
2015-01-23 21:16:16.828+0000 INFO  [o.n.s.w.Jetty9WebServer]: Mounting static content at [/browser] from [browser]
2015-01-23 21:16:19.187+0000 INFO  [o.n.s.CommunityNeoServer]: Server started on: http://localhost:7474/
2015-01-23 21:16:19.187+0000 INFO  [o.n.s.CommunityNeoServer]: Remote interface ready and available at [http://localhost:7474/]
2015-01-23 21:16:19.187+0000 INFO  [o.n.k.i.DiagnosticsManager]: --- SERVER STARTED END ---
2015-01-23 21:16:36.609+0000 INFO  [o.n.k.i.a.i.IndexPopulationJob]: Index population started: [:User(uuid) [provider: {key=lucene, version=1.0}]]
2015-01-23 21:16:36.645+0000 INFO  [o.n.k.i.a.i.IndexPopulationJob]: Index population completed. Index is now online: [:User(uuid) [provider: {key=lucene, version=1.0}]]
2015-01-23 21:16:36.854+0000 INFO  [o.n.k.i.a.i.IndexPopulationJob]: Index population started: [:User(twitter) [provider: {key=lucene, version=1.0}]]
2015-01-23 21:16:36.860+0000 INFO  [o.n.k.i.a.i.IndexPopulationJob]: Index population completed. Index is now online: [:User(twitter) [provider: {key=lucene, version=1.0}]]
